********************************************************************************
DUPLICATOR-LITE PACKAGE-LOG: 2017-01-08 16:14:53
NOTICE: Do NOT post to public sites or forums 
********************************************************************************
VERSION:	1.1.26
WORDPRESS:	4.7
PHP INFO:	5.6.3 | SAPI: apache2handler
SERVER:		Apache/2.4.10 (Win32) OpenSSL/1.0.1i PHP/5.6.3 
PHP TIME LIMIT: (0) no time limit imposed 
PHP MAX MEMORY: 2048M (128M default) 
MEMORY STACK: 17.5MB 

********************************************************************************
DATABASE:
********************************************************************************
BUILD MODE:   PHP(query limit - 100)
MYSQLTIMEOUT: 5000
MYSQLDUMP:    Is Supported 
TABLES: total:13 | filtered:0 | create:13 
FILTERED: [] 
SQL CREATED: 20170108_nepalskiassociation_5872655d758d34301170108161421_database.sql 
SQL FILE SIZE: 975.97KB (999396) 
SQL FILE TIME: 2017-01-08 16:14:54 
SQL RUNTIME: 0.45 sec. 

******************************************************************************** 
ARCHIVE (ZIP): 
******************************************************************************** 
ARCHIVE DIR:  C:/xampp/htdocs/NSA 
ARCHIVE FILE: 20170108_nepalskiassociation_5872655d758d34301170108161421_archive.zip 
FILTERS: *OFF* 
DIRS: not set 
EXTS:  not set 
---------------------------------------- 
COMPRESSING 
SIZE:	59.09MB 
STATS:	Dirs 254 | Files 2,349 
SQL ADDED: 20170108_nepalskiassociation_5872655d758d34301170108161421_database.sql 
ZipArchive Object
(
    [status] => 0
    [statusSys] => 0
    [numFiles] => 2603
    [filename] => C:\xampp\htdocs\NSA\wp-snapshots\tmp\20170108_nepalskiassociation_5872655d758d34301170108161421_archive.zip
    [comment] => 
)
 
COMPRESSION RESULT: '1' 
COMPRESSED SIZE: 39.74MB 
ARCHIVE RUNTIME: 43.74 sec. 
MEMORY STACK: 18.25MB 

******************************************************************************** 
MAKE INSTALLER: 
******************************************************************************** 
Build Start 
Build Finished 
Preping for use 
Template parsed with new data 
Complete [C:/xampp/htdocs/NSA/wp-snapshots/tmp/20170108_nepalskiassociation_5872655d758d34301170108161421_installer.php] 
Added to archive 

******************************************************************************** 
INTEGRITY CHECKS: 
******************************************************************************** 
SQL File: 975.97KB 
Installer File: 352.38KB 
Archive File: 39.74MB  

********************************************************************************
RECORD ID:[1]
TOTAL PROCESS RUNTIME: 45.38 sec.
PEAK PHP MEMORY USED: 20.75MB
DONE PROCESSING => 20170108_nepalskiassociation 2017-01-08 16:15:38
 
